|--- feature_19 <= 0.50
|   |--- feature_12 <= 0.50
|   |   |--- feature_3 <= 0.50
|   |   |   |--- feature_0 <= 0.50
|   |   |   |   |--- feature_5 <= 0.50
|   |   |   |   |   |--- feature_6 <= 0.50
|   |   |   |   |   |   |--- feature_17 <= 0.50
|   |   |   |   |   |   |   |--- class: 3
|   |   |   |   |   |   |--- feature_17 >  0.50
|   |   |   |   |   |   |   |--- feature_18 <= 0.50
|   |   |   |   |   |   |   |   |--- class: 4
|   |   |   |   |   |   |   |--- feature_18 >  0.50
|   |   |   |   |   |   |   |   |--- class: 3
|   |   |   |   |   |--- feature_6 >  0.50
|   |   |   |   |   |   |--- feature_20 <= 0.50
|   |   |   |   |   |   |   |--- feature_17 <= 0.50
|   |   |   |   |   |   |   |   |--- class: 1
|   |   |   |   |   |   |   |--- feature_17 >  0.50
|   |   |   |   |   |   |   |   |--- feature_2 <= 0.50
|   |   |   |   |   |   |   |   |   |--- class: 2
|   |   |   |   |   |   |   |   |--- feature_2 >  0.50
|   |   |   |   |   |   |   |   |   |--- class: 3
|   |   |   |   |   |   |--- feature_20 >  0.50
|   |   |   |   |   |   |   |--- class: 3
|   |   |   |   |--- feature_5 >  0.50
|   |   |   |   |   |--- feature_18 <= 0.50
|   |   |   |   |   |   |--- feature_15 <= 0.50
|   |   |   |   |   |   |   |--- class: 3
|   |   |   |   |   |   |--- feature_15 >  0.50
|   |   |   |   |   |   |   |--- class: 2
|   |   |   |   |   |--- feature_18 >  0.50
|   |   |   |   |   |   |--- feature_17 <= 0.50
|   |   |   |   |   |   |   |--- class: 1
|   |   |   |   |   |   |--- feature_17 >  0.50
|   |   |   |   |   |   |   |--- class: 2
|   |   |   |--- feature_0 >  0.50
|   |   |   |   |--- feature_7 <= 0.50
|   |   |   |   |   |--- feature_17 <= 0.50
|   |   |   |   |   |   |--- class: 3
|   |   |   |   |   |--- feature_17 >  0.50
|   |   |   |   |   |   |--- feature_18 <= 0.50
|   |   |   |   |   |   |   |--- class: 4
|   |   |   |   |   |   |--- feature_18 >  0.50
|   |   |   |   |   |   |   |--- class: 3
|   |   |   |   |--- feature_7 >  0.50
|   |   |   |   |   |--- class: 4
|   |   |--- feature_3 >  0.50
|   |   |   |--- feature_6 <= 0.50
|   |   |   |   |--- feature_5 <= 0.50
|   |   |   |   |   |--- class: 4
|   |   |   |   |--- feature_5 >  0.50
|   |   |   |   |   |--- class: 3
|   |   |   |--- feature_6 >  0.50
|   |   |   |   |--- class: 3
|   |--- feature_12 >  0.50
|   |   |--- class: 4
|--- feature_19 >  0.50
|   |--- class: 4
